<?xml version="1.0" encoding="UTF-8"?>
<!-- Generated by org.testng.reporters.JUnitXMLReporter -->
<testsuite hostname="IBM-Testing01" ignored="0" name="Default test" tests="2" failures="1" timestamp="05 Mar 2020 08:26:11 GMT" time="32.693" errors="0">
  <testcase name="test1" time="17.034" classname="MyParallelPackage.paralleltest"/>
  <testcase name="test3" time="15.616" classname="MyParallelPackage.paralleltest">
    <failure type="org.openqa.selenium.SessionNotCreatedException" message="session not created
from chrome not reachable
  (Session info: chrome=80.0.3987.132)
Build info: version: &amp;apos;3.141.59&amp;apos;, revision: &amp;apos;e82be7d358&amp;apos;, time: &amp;apos;2018-11-14T08:25:53&amp;apos;
System info: host: &amp;apos;IBM-TESTING01&amp;apos;, ip: &amp;apos;169.254.52.243&amp;apos;, os.name: &amp;apos;Windows 10&amp;apos;, os.arch: &amp;apos;amd64&amp;apos;, os.version: &amp;apos;10.0&amp;apos;, java.version: &amp;apos;1.8.0_241&amp;apos;
Driver info: driver.version: ChromeDriver
remote stacktrace: Backtrace:
	Ordinal0 [0x00AE0C83+1707139]
	Ordinal0 [0x00A468F1+1075441]
	Ordinal0 [0x009BDE72+515698]
	Ordinal0 [0x009B7CA8+490664]
	Ordinal0 [0x009B839B+492443]
	Ordinal0 [0x009B92F5+496373]
	Ordinal0 [0x009B4F05+478981]
	Ordinal0 [0x009BECA0+519328]
	Ordinal0 [0x0096CA67+182887]
	Ordinal0 [0x0096BDDD+179677]
	Ordinal0 [0x00969D4B+171339]
	Ordinal0 [0x00951D4A+73034]
	Ordinal0 [0x00952DC0+77248]
	Ordinal0 [0x00952D59+77145]
	Ordinal0 [0x00A5BB67+1162087]
	GetHandleVerifier [0x00B7A966+508998]
	GetHandleVerifier [0x00B7A6A4+508292]
	GetHandleVerifier [0x00B8F7B7+594583]
	GetHandleVerifier [0x00B7B1D6+511158]
	Ordinal0 [0x00A5402C+1130540]
	Ordinal0 [0x00A5D4CB+1168587]
	Ordinal0 [0x00A5D633+1168947]
	Ordinal0 [0x00A75B35+1268533]
	BaseThreadInitThunk [0x77026359+25]
	RtlGetAppContainerNamedObjectPath [0x77B07B74+228]
	RtlGetAppContainerNamedObjectPath [0x77B07B44+180]
">
      <![CDATA[org.openqa.selenium.SessionNotCreatedException: session not created
from chrome not reachable
  (Session info: chrome=80.0.3987.132)
Build info: version: '3.141.59', revision: 'e82be7d358', time: '2018-11-14T08:25:53'
System info: host: 'IBM-TESTING01', ip: '169.254.52.243', os.name: 'Windows 10', os.arch: 'amd64', os.version: '10.0', java.version: '1.8.0_241'
Driver info: driver.version: ChromeDriver
remote stacktrace: Backtrace:
Ordinal0 [0x00AE0C83+1707139]
Ordinal0 [0x00A468F1+1075441]
Ordinal0 [0x009BDE72+515698]
Ordinal0 [0x009B7CA8+490664]
Ordinal0 [0x009B839B+492443]
Ordinal0 [0x009B92F5+496373]
Ordinal0 [0x009B4F05+478981]
Ordinal0 [0x009BECA0+519328]
Ordinal0 [0x0096CA67+182887]
Ordinal0 [0x0096BDDD+179677]
Ordinal0 [0x00969D4B+171339]
Ordinal0 [0x00951D4A+73034]
Ordinal0 [0x00952DC0+77248]
Ordinal0 [0x00952D59+77145]
Ordinal0 [0x00A5BB67+1162087]
GetHandleVerifier [0x00B7A966+508998]
GetHandleVerifier [0x00B7A6A4+508292]
GetHandleVerifier [0x00B8F7B7+594583]
GetHandleVerifier [0x00B7B1D6+511158]
Ordinal0 [0x00A5402C+1130540]
Ordinal0 [0x00A5D4CB+1168587]
Ordinal0 [0x00A5D633+1168947]
Ordinal0 [0x00A75B35+1268533]
BaseThreadInitThunk [0x77026359+25]
RtlGetAppContainerNamedObjectPath [0x77B07B74+228]
RtlGetAppContainerNamedObjectPath [0x77B07B44+180]

at sun.reflect.NativeConstructorAccessorImpl.newInstance0(Native Method)
at sun.reflect.NativeConstructorAccessorImpl.newInstance(Unknown Source)
at sun.reflect.DelegatingConstructorAccessorImpl.newInstance(Unknown Source)
at java.lang.reflect.Constructor.newInstance(Unknown Source)
at org.openqa.selenium.remote.W3CHandshakeResponse.lambda$errorHandler$0(W3CHandshakeResponse.java:62)
at org.openqa.selenium.remote.HandshakeResponse.lambda$getResponseFunction$0(HandshakeResponse.java:30)
at org.openqa.selenium.remote.ProtocolHandshake.lambda$createSession$0(ProtocolHandshake.java:126)
at java.util.stream.ReferencePipeline$3$1.accept(Unknown Source)
at java.util.Spliterators$ArraySpliterator.tryAdvance(Unknown Source)
at java.util.stream.ReferencePipeline.forEachWithCancel(Unknown Source)
at java.util.stream.AbstractPipeline.copyIntoWithCancel(Unknown Source)
at java.util.stream.AbstractPipeline.copyInto(Unknown Source)
at java.util.stream.AbstractPipeline.wrapAndCopyInto(Unknown Source)
at java.util.stream.FindOps$FindOp.evaluateSequential(Unknown Source)
at java.util.stream.AbstractPipeline.evaluate(Unknown Source)
at java.util.stream.ReferencePipeline.findFirst(Unknown Source)
at org.openqa.selenium.remote.ProtocolHandshake.createSession(ProtocolHandshake.java:128)
at org.openqa.selenium.remote.ProtocolHandshake.createSession(ProtocolHandshake.java:74)
at org.openqa.selenium.remote.HttpCommandExecutor.execute(HttpCommandExecutor.java:136)
at org.openqa.selenium.remote.service.DriverCommandExecutor.execute(DriverCommandExecutor.java:83)
at org.openqa.selenium.remote.RemoteWebDriver.execute(RemoteWebDriver.java:552)
at org.openqa.selenium.remote.RemoteWebDriver.startSession(RemoteWebDriver.java:213)
at org.openqa.selenium.remote.RemoteWebDriver.<init>(RemoteWebDriver.java:131)
at org.openqa.selenium.chrome.ChromeDriver.<init>(ChromeDriver.java:181)
at org.openqa.selenium.chrome.ChromeDriver.<init>(ChromeDriver.java:168)
at org.openqa.selenium.chrome.ChromeDriver.<init>(ChromeDriver.java:123)
at MyParallelPackage.paralleltest.test3(paralleltest.java:41)
at sun.reflect.NativeMethodAccessorImpl.invoke0(Native Method)
at sun.reflect.NativeMethodAccessorImpl.invoke(Unknown Source)
at sun.reflect.DelegatingMethodAccessorImpl.invoke(Unknown Source)
at java.lang.reflect.Method.invoke(Unknown Source)
at org.testng.internal.MethodInvocationHelper.invokeMethod(MethodInvocationHelper.java:124)
at org.testng.internal.Invoker.invokeMethod(Invoker.java:580)
at org.testng.internal.Invoker.invokeTestMethod(Invoker.java:716)
at org.testng.internal.Invoker.invokeTestMethods(Invoker.java:988)
at org.testng.internal.TestMethodWorker.invokeTestMethods(TestMethodWorker.java:125)
at org.testng.internal.TestMethodWorker.run(TestMethodWorker.java:109)
at org.testng.TestRunner.privateRun(TestRunner.java:648)
at org.testng.TestRunner.run(TestRunner.java:505)
at org.testng.SuiteRunner.runTest(SuiteRunner.java:455)
at org.testng.SuiteRunner.runSequentially(SuiteRunner.java:450)
at org.testng.SuiteRunner.privateRun(SuiteRunner.java:415)
at org.testng.SuiteRunner.run(SuiteRunner.java:364)
at org.testng.SuiteRunnerWorker.runSuite(SuiteRunnerWorker.java:52)
at org.testng.SuiteRunnerWorker.run(SuiteRunnerWorker.java:84)
at org.testng.TestNG.runSuitesSequentially(TestNG.java:1208)
at org.testng.TestNG.runSuitesLocally(TestNG.java:1137)
at org.testng.TestNG.runSuites(TestNG.java:1049)
at org.testng.TestNG.run(TestNG.java:1017)
at org.testng.remote.AbstractRemoteTestNG.run(AbstractRemoteTestNG.java:114)
at org.testng.remote.RemoteTestNG.initAndRun(RemoteTestNG.java:251)
at org.testng.remote.RemoteTestNG.main(RemoteTestNG.java:77)
]]>
    </failure>
  </testcase> <!-- test3 -->
</testsuite> <!-- Default test -->
